
 ################################ Lecture du CSV
 ##### [project_title = projet ] [swimline_title = swimline 1 ] [task_title = Tache 1.1 ] Exist PRJ : 40 => projet  
Exist SL : 76 => swimline 1 
Exist Task : 942 => Tache 1.1  
Task [ID:942] created. IDP:40, IDSL:76, IDC: 

 ##### [project_title = projet ] [swimline_title = swimline 1 ] [task_title = Tache 1.1 ] [subtask_title = sous-tache 1.1.1 ]
Exist PRJ : 40 => projet  
Exist SL : 76 => swimline 1 
Exist Task : 942 => Tache 1.1  
Task [ID:942] created. IDP:40, IDSL:76, IDC: 
[942] => [sous-tache 1.1.1] : createSubTask ... 

 ##### [project_title = projet ] [swimline_title = swimline 1 ] [task_title = Tache 1.1 ] [subtask_title = sous-tache 1.1.2 ]
Exist PRJ : 40 => projet  
Exist SL : 76 => swimline 1 
Exist Task : 942 => Tache 1.1  
Task [ID:942] created. IDP:40, IDSL:76, IDC: 
[942] => [sous-tache 1.1.2] : createSubTask ... 

 ##### [project_title = projet ] [swimline_title = swimline 1 ] [task_title = Tache 1.1 ] [subtask_title = sous-tache 1.1.3 ]
Exist PRJ : 40 => projet  
Exist SL : 76 => swimline 1 
Exist Task : 942 => Tache 1.1  
Task [ID:942] created. IDP:40, IDSL:76, IDC: 
[942] => [sous-tache 1.1.3] : createSubTask ... 

 ##### [project_title = projet ] [swimline_title = swimline 1 ] [task_title = Tache 1.1 ] [subtask_title = sous-tache 1.1.4 ]
Exist PRJ : 40 => projet  
Exist SL : 76 => swimline 1 
Exist Task : 942 => Tache 1.1  
Task [ID:942] created. IDP:40, IDSL:76, IDC: 
[942] => [sous-tache 1.1.4] : createSubTask ... 

 ##### [project_title = projet ] [swimline_title = swimline 1 ] [task_title = Tache 1.2 ] Exist PRJ : 40 => projet  
Exist SL : 76 => swimline 1 
Exist Task : 943 => Tache 1.2  
Task [ID:943] created. IDP:40, IDSL:76, IDC: 

 ##### [project_title = projet ] [swimline_title = swimline 1 ] [task_title = Tache 1.2 ] [subtask_title = sous-tache 1.2.1 ]
Exist PRJ : 40 => projet  
Exist SL : 76 => swimline 1 
Exist Task : 943 => Tache 1.2  
Task [ID:943] created. IDP:40, IDSL:76, IDC: 
[943] => [sous-tache 1.2.1] : createSubTask ... 

 ##### [project_title = projet ] [swimline_title = swimline 1 ] [task_title = Tache 1.2 ] [subtask_title = sous-tache 1.2.2 ]
Exist PRJ : 40 => projet  
Exist SL : 76 => swimline 1 
Exist Task : 943 => Tache 1.2  
Task [ID:943] created. IDP:40, IDSL:76, IDC: 
[943] => [sous-tache 1.2.2] : createSubTask ... 

 ##### [project_title = projet ] [swimline_title = swimline 1 ] [task_title = Tache 1.2 ] [subtask_title = sous-tache 1.2.3 ]
Exist PRJ : 40 => projet  
Exist SL : 76 => swimline 1 
Exist Task : 943 => Tache 1.2  
Task [ID:943] created. IDP:40, IDSL:76, IDC: 
[943] => [sous-tache 1.2.3] : createSubTask ... 

 ##### [project_title = projet ] [swimline_title = swimline 1 ] [task_title = Tache 1.2 ] [subtask_title = sous-tache 1.2.4 ]
Exist PRJ : 40 => projet  
Exist SL : 76 => swimline 1 
Exist Task : 943 => Tache 1.2  
Task [ID:943] created. IDP:40, IDSL:76, IDC: 
[943] => [sous-tache 1.2.4] : createSubTask ... 

 ##### [project_title = projet ] [swimline_title = swimline 1 ] [task_title = tache 1.3 ] Exist PRJ : 40 => projet  
Exist SL : 76 => swimline 1 
Exist Task : 944 => tache 1.3  
Task [ID:944] created. IDP:40, IDSL:76, IDC: 

 ##### [project_title = projet ] [swimline_title = swimline 1 ] [task_title = tache 1.3 ] [subtask_title = sous-tache 1.3.1 ]
Exist PRJ : 40 => projet  
Exist SL : 76 => swimline 1 
Exist Task : 944 => tache 1.3  
Task [ID:944] created. IDP:40, IDSL:76, IDC: 
[944] => [sous-tache 1.3.1] : createSubTask ... 

 ##### [project_title = projet ] [swimline_title = swimline 1 ] [task_title = tache 1.3 ] [subtask_title = sous-tache 1.3.2 ]
Exist PRJ : 40 => projet  
Exist SL : 76 => swimline 1 
Exist Task : 944 => tache 1.3  
Task [ID:944] created. IDP:40, IDSL:76, IDC: 
[944] => [sous-tache 1.3.2] : createSubTask ... 

 ##### [project_title = projet ] [swimline_title = swimline 1 ] [task_title = tache 1.3 ] [subtask_title = sous-tache 1.3.3 ]
Exist PRJ : 40 => projet  
Exist SL : 76 => swimline 1 
Exist Task : 944 => tache 1.3  
Task [ID:944] created. IDP:40, IDSL:76, IDC: 
[944] => [sous-tache 1.3.3] : createSubTask ... 

 ##### [project_title = projet ] [swimline_title = swimline 1 ] [task_title = tache 1.3 ] [subtask_title = sous-tache 1.3.4 ]
Exist PRJ : 40 => projet  
Exist SL : 76 => swimline 1 
Exist Task : 944 => tache 1.3  
Task [ID:944] created. IDP:40, IDSL:76, IDC: 
[944] => [sous-tache 1.3.4] : createSubTask ... 

 ##### [project_title = projet ] [swimline_title = swimline 1 ] [task_title = tache 1.3 ] [subtask_title = sous-tache 1.3.5 ]
Exist PRJ : 40 => projet  
Exist SL : 76 => swimline 1 
Exist Task : 944 => tache 1.3  
Task [ID:944] created. IDP:40, IDSL:76, IDC: 
[944] => [sous-tache 1.3.5] : createSubTask ... 

 ##### [project_title = projet ] [swimline_title = swimline 1 ] [task_title = Tache 1.4 ] Exist PRJ : 40 => projet  
Exist SL : 76 => swimline 1 
Exist Task : 945 => Tache 1.4  
Task [ID:945] created. IDP:40, IDSL:76, IDC: 

 ##### [project_title = projet ] [swimline_title = swimline 1 ] [task_title = Tache 1.4 ] [subtask_title = sous-tache 1.4.1 ]
Exist PRJ : 40 => projet  
Exist SL : 76 => swimline 1 
Exist Task : 945 => Tache 1.4  
Task [ID:945] created. IDP:40, IDSL:76, IDC: 
[945] => [sous-tache 1.4.1] : createSubTask ... 

 ##### [project_title = projet ] [swimline_title = swimline 1 ] [task_title = Tache 1.4 ] [subtask_title = sous-tache 1.4.2 ]
Exist PRJ : 40 => projet  
Exist SL : 76 => swimline 1 
Exist Task : 945 => Tache 1.4  
Task [ID:945] created. IDP:40, IDSL:76, IDC: 
[945] => [sous-tache 1.4.2] : createSubTask ... 

 ##### [project_title = projet ] [swimline_title = swimline 1 ] [task_title = Tache 1.4 ] [subtask_title = sous-tache 1.4.3 ]
Exist PRJ : 40 => projet  
Exist SL : 76 => swimline 1 
Exist Task : 945 => Tache 1.4  
Task [ID:945] created. IDP:40, IDSL:76, IDC: 
[945] => [sous-tache 1.4.3] : createSubTask ... 

 ##### [project_title = projet ] [swimline_title = swimline2 ] [task_title = Tache 1.4 ] Exist PRJ : 40 => projet  
Exist SL : 77 => swimline2 
Exist Task : 945 => Tache 1.4  
Task [ID:945] created. IDP:40, IDSL:77, IDC: 

 ##### [project_title = projet ] [swimline_title = swimline2 ] [task_title = Tache 2.1 ] Exist PRJ : 40 => projet  
Exist SL : 77 => swimline2 
Exist Task : 946 => Tache 2.1  
Task [ID:946] created. IDP:40, IDSL:77, IDC: 

 ##### [project_title = projet ] [swimline_title = swimline2 ] [task_title = Tache 2.1 ] [subtask_title = sous-tache 2.1.1 ]
Exist PRJ : 40 => projet  
Exist SL : 77 => swimline2 
Exist Task : 946 => Tache 2.1  
Task [ID:946] created. IDP:40, IDSL:77, IDC: 
[946] => [sous-tache 2.1.1] : createSubTask ... 

 ##### [project_title = projet ] [swimline_title = swimline2 ] [task_title = Tache 2.1 ] [subtask_title = sous-tache 2.1.2 ]
Exist PRJ : 40 => projet  
Exist SL : 77 => swimline2 
Exist Task : 946 => Tache 2.1  
Task [ID:946] created. IDP:40, IDSL:77, IDC: 
[946] => [sous-tache 2.1.2] : createSubTask ... 

 ##### [project_title = projet ] [swimline_title = swimline2 ] [task_title = Tache 2.1 ] [subtask_title = sous-tache 2.1.3 ]
Exist PRJ : 40 => projet  
Exist SL : 77 => swimline2 
Exist Task : 946 => Tache 2.1  
Task [ID:946] created. IDP:40, IDSL:77, IDC: 
[946] => [sous-tache 2.1.3] : createSubTask ... 

 ##### [project_title = projet ] [swimline_title = swimline2 ] [task_title = Tache 2.1 ] [subtask_title = sous-tache 2.1.4 ]
Exist PRJ : 40 => projet  
Exist SL : 77 => swimline2 
Exist Task : 946 => Tache 2.1  
Task [ID:946] created. IDP:40, IDSL:77, IDC: 
[946] => [sous-tache 2.1.4] : createSubTask ... 

 ##### [project_title = projet ] [swimline_title = swimline2 ] [task_title = Tache 2.2 ] Exist PRJ : 40 => projet  
Exist SL : 77 => swimline2 
Exist Task : 947 => Tache 2.2  
Task [ID:947] created. IDP:40, IDSL:77, IDC: 

 ##### [project_title = projet ] [swimline_title = swimline2 ] [task_title = Tache 2.2 ] [subtask_title = sous-tache 2.2.1 ]
Exist PRJ : 40 => projet  
Exist SL : 77 => swimline2 
Exist Task : 947 => Tache 2.2  
Task [ID:947] created. IDP:40, IDSL:77, IDC: 
[947] => [sous-tache 2.2.1] : createSubTask ... 

 ##### [project_title = projet ] [swimline_title = swimline2 ] [task_title = Tache 2.2 ] [subtask_title = sous-tache 2.2.2 ]
Exist PRJ : 40 => projet  
Exist SL : 77 => swimline2 
Exist Task : 947 => Tache 2.2  
Task [ID:947] created. IDP:40, IDSL:77, IDC: 
[947] => [sous-tache 2.2.2] : createSubTask ... 

 ##### [project_title = projet ] [swimline_title = swimline2 ] [task_title = Tache 2.2 ] [subtask_title = sous-tache 2.2.3 ]
Exist PRJ : 40 => projet  
Exist SL : 77 => swimline2 
Exist Task : 947 => Tache 2.2  
Task [ID:947] created. IDP:40, IDSL:77, IDC: 
[947] => [sous-tache 2.2.3] : createSubTask ... 

 ##### [project_title = projet ] [swimline_title = swimline2 ] [task_title = Tache 2.2 ] [subtask_title = sous-tache 2.2.4 ]
Exist PRJ : 40 => projet  
Exist SL : 77 => swimline2 
Exist Task : 947 => Tache 2.2  
Task [ID:947] created. IDP:40, IDSL:77, IDC: 
[947] => [sous-tache 2.2.4] : createSubTask ... 

 ##### [project_title = projet ] [swimline_title = swimline2 ] [task_title = tache 2.3 ] Exist PRJ : 40 => projet  
Exist SL : 77 => swimline2 
Exist Task : 948 => tache 2.3  
Task [ID:948] created. IDP:40, IDSL:77, IDC: 

 ##### [project_title = projet ] [swimline_title = swimline2 ] [task_title = tache 2.3 ] [subtask_title = sous-tache 2.3.1 ]
Exist PRJ : 40 => projet  
Exist SL : 77 => swimline2 
Exist Task : 948 => tache 2.3  
Task [ID:948] created. IDP:40, IDSL:77, IDC: 
[948] => [sous-tache 2.3.1] : createSubTask ... 

 ##### [project_title = projet ] [swimline_title = swimline2 ] [task_title = tache 2.3 ] [subtask_title = sous-tache 2.3.2 ]
Exist PRJ : 40 => projet  
Exist SL : 77 => swimline2 
Exist Task : 948 => tache 2.3  
Task [ID:948] created. IDP:40, IDSL:77, IDC: 
[948] => [sous-tache 2.3.2] : createSubTask ... 

 ##### [project_title = projet ] [swimline_title = swimline2 ] [task_title = tache 2.3 ] [subtask_title = sous-tache 2.3.3 ]
Exist PRJ : 40 => projet  
Exist SL : 77 => swimline2 
Exist Task : 948 => tache 2.3  
Task [ID:948] created. IDP:40, IDSL:77, IDC: 
[948] => [sous-tache 2.3.3] : createSubTask ... 

 ##### [project_title = projet ] [swimline_title = swimline2 ] [task_title = tache 2.3 ] [subtask_title = sous-tache 2.3.4 ]
Exist PRJ : 40 => projet  
Exist SL : 77 => swimline2 
Exist Task : 948 => tache 2.3  
Task [ID:948] created. IDP:40, IDSL:77, IDC: 
[948] => [sous-tache 2.3.4] : createSubTask ... 

 ##### [project_title = projet ] [swimline_title = swimline2 ] [task_title = tache 2.3 ] [subtask_title = sous-tache 2.3.5 ]
Exist PRJ : 40 => projet  
Exist SL : 77 => swimline2 
Exist Task : 948 => tache 2.3  
Task [ID:948] created. IDP:40, IDSL:77, IDC: 
[948] => [sous-tache 2.3.5] : createSubTask ... 

 ##### [project_title = projet ] [swimline_title = swimline2 ] [task_title = Tache 2.4 ] Exist PRJ : 40 => projet  
Exist SL : 77 => swimline2 
Exist Task : 949 => Tache 2.4  
Task [ID:949] created. IDP:40, IDSL:77, IDC: 

 ##### [project_title = projet ] [swimline_title = swimline2 ] [task_title = Tache 2.4 ] [subtask_title = sous-tache 2.4.1 ]
Exist PRJ : 40 => projet  
Exist SL : 77 => swimline2 
Exist Task : 949 => Tache 2.4  
Task [ID:949] created. IDP:40, IDSL:77, IDC: 
[949] => [sous-tache 2.4.1] : createSubTask ... 

 ##### [project_title = projet ] [swimline_title = swimline2 ] [task_title = Tache 2.4 ] [subtask_title = sous-tache 2.4.2 ]
Exist PRJ : 40 => projet  
Exist SL : 77 => swimline2 
Exist Task : 949 => Tache 2.4  
Task [ID:949] created. IDP:40, IDSL:77, IDC: 
[949] => [sous-tache 2.4.2] : createSubTask ... 

 ##### [project_title = projet ] [swimline_title = swimline2 ] [task_title = Tache 2.4 ] [subtask_title = sous-tache 2.4.3 ]
Exist PRJ : 40 => projet  
Exist SL : 77 => swimline2 
Exist Task : 949 => Tache 2.4  
Task [ID:949] created. IDP:40, IDSL:77, IDC: 
[949] => [sous-tache 2.4.3] : createSubTask ... 

 ##### [project_title = projet ] [swimline_title = swimline3 ] [task_title = Tache 2.4 ] Exist PRJ : 40 => projet  
Exist SL : 78 => swimline3 
Exist Task : 949 => Tache 2.4  
Task [ID:949] created. IDP:40, IDSL:78, IDC: 

 ##### [project_title = projet ] [swimline_title = swimline3 ] [task_title = Tache 3.1 ] Exist PRJ : 40 => projet  
Exist SL : 78 => swimline3 
Exist Task : 950 => Tache 3.1  
Task [ID:950] created. IDP:40, IDSL:78, IDC: 

 ##### [project_title = projet ] [swimline_title = swimline3 ] [task_title = Tache 3.1 ] [subtask_title = sous-tache 3.1.1 ]
Exist PRJ : 40 => projet  
Exist SL : 78 => swimline3 
Exist Task : 950 => Tache 3.1  
Task [ID:950] created. IDP:40, IDSL:78, IDC: 
[950] => [sous-tache 3.1.1] : createSubTask ... 

 ##### [project_title = projet ] [swimline_title = swimline3 ] [task_title = Tache 3.1 ] [subtask_title = sous-tache 3.1.2 ]
Exist PRJ : 40 => projet  
Exist SL : 78 => swimline3 
Exist Task : 950 => Tache 3.1  
Task [ID:950] created. IDP:40, IDSL:78, IDC: 
[950] => [sous-tache 3.1.2] : createSubTask ... 

 ##### [project_title = projet ] [swimline_title = swimline3 ] [task_title = Tache 3.1 ] [subtask_title = sous-tache 3.1.3 ]
Exist PRJ : 40 => projet  
Exist SL : 78 => swimline3 
Exist Task : 950 => Tache 3.1  
Task [ID:950] created. IDP:40, IDSL:78, IDC: 
[950] => [sous-tache 3.1.3] : createSubTask ... 

 ##### [project_title = projet ] [swimline_title = swimline3 ] [task_title = Tache 3.1 ] [subtask_title = sous-tache 3.1.4 ]
Exist PRJ : 40 => projet  
Exist SL : 78 => swimline3 
Exist Task : 950 => Tache 3.1  
Task [ID:950] created. IDP:40, IDSL:78, IDC: 
[950] => [sous-tache 3.1.4] : createSubTask ... 

 ##### [project_title = projet ] [swimline_title = swimline3 ] [task_title = Tache 3.2 ] Exist PRJ : 40 => projet  
Exist SL : 78 => swimline3 
Exist Task : 951 => Tache 3.2  
Task [ID:951] created. IDP:40, IDSL:78, IDC: 

 ##### [project_title = projet ] [swimline_title = swimline3 ] [task_title = Tache 3.2 ] [subtask_title = sous-tache 3.2.1 ]
Exist PRJ : 40 => projet  
Exist SL : 78 => swimline3 
Exist Task : 951 => Tache 3.2  
Task [ID:951] created. IDP:40, IDSL:78, IDC: 
[951] => [sous-tache 3.2.1] : createSubTask ... 

 ##### [project_title = projet ] [swimline_title = swimline3 ] [task_title = Tache 3.2 ] [subtask_title = sous-tache 3.2.2 ]
Exist PRJ : 40 => projet  
Exist SL : 78 => swimline3 
Exist Task : 951 => Tache 3.2  
Task [ID:951] created. IDP:40, IDSL:78, IDC: 
[951] => [sous-tache 3.2.2] : createSubTask ... 

 ##### [project_title = projet ] [swimline_title = swimline3 ] [task_title = Tache 3.2 ] [subtask_title = sous-tache 3.2.3 ]
Exist PRJ : 40 => projet  
Exist SL : 78 => swimline3 
Exist Task : 951 => Tache 3.2  
Task [ID:951] created. IDP:40, IDSL:78, IDC: 
[951] => [sous-tache 3.2.3] : createSubTask ... 

 ##### [project_title = projet ] [swimline_title = swimline3 ] [task_title = Tache 3.2 ] [subtask_title = sous-tache 3.2.4 ]
Exist PRJ : 40 => projet  
Exist SL : 78 => swimline3 
Exist Task : 951 => Tache 3.2  
Task [ID:951] created. IDP:40, IDSL:78, IDC: 
[951] => [sous-tache 3.2.4] : createSubTask ... 
